[2018-03-15T14:08:20+0100] DFHack 0.44.07-alpha1-0-g6f864f97 on Linux; cwd md5: 27d1c9aa05; save: region1; SC_WORLD_UNLOADED; game type NONE (11)
[2018-03-15T14:08:38+0100] DFHack 0.44.07-alpha1-0-g6f864f97 on Linux; cwd md5: 27d1c9aa05; save: region1; SC_WORLD_LOADED; game type DWARF_MAIN (0)
[2018-03-15T14:33:36+0100] DFHack 0.44.07-alpha1-0-g6f864f97 on Linux; cwd md5: 27d1c9aa05; save: region1; SC_MAP_LOADED; game type DWARF_MAIN (0)
[2018-03-15T17:57:40+0100] DFHack 0.44.07-alpha1-0-g6f864f97 on Linux; cwd md5: 27d1c9aa05; save: region1; SC_WORLD_LOADED; game type DWARF_MAIN (0)
[2018-03-15T17:57:40+0100] DFHack 0.44.07-alpha1-0-g6f864f97 on Linux; cwd md5: 27d1c9aa05; save: region1; SC_MAP_LOADED; game type DWARF_MAIN (0)
[2018-03-16T11:47:40+0100] DFHack 0.44.07-alpha1-0-g6f864f97 on Linux; cwd md5: 27d1c9aa05; save: region1; SC_WORLD_LOADED; game type DWARF_MAIN (0)
[2018-03-16T11:47:40+0100] DFHack 0.44.07-alpha1-0-g6f864f97 on Linux; cwd md5: 27d1c9aa05; save: region1; SC_MAP_LOADED; game type DWARF_MAIN (0)
[2018-03-16T12:33:17+0100] DFHack 0.44.07-alpha1-0-g6f864f97 on Linux; cwd md5: 27d1c9aa05; save: region1; SC_WORLD_LOADED; game type DWARF_MAIN (0)
[2018-03-16T12:33:17+0100] DFHack 0.44.07-alpha1-0-g6f864f97 on Linux; cwd md5: 27d1c9aa05; save: region1; SC_MAP_LOADED; game type DWARF_MAIN (0)
[2018-03-16T13:05:58+0100] DFHack 0.44.07-alpha1-0-g6f864f97 on Linux; cwd md5: 27d1c9aa05; save: region1; SC_MAP_UNLOADED; game type DWARF_MAIN (0)
[2018-03-16T13:05:58+0100] DFHack 0.44.07-alpha1-0-g6f864f97 on Linux; cwd md5: 27d1c9aa05; save: region1; SC_WORLD_UNLOADED; game type DWARF_MAIN (0)
[2018-03-16T13:36:40+0100] DFHack 0.44.07-alpha1-0-g6f864f97 on Linux; cwd md5: 27d1c9aa05; save: region1; SC_WORLD_LOADED; game type DWARF_MAIN (0)
[2018-03-16T13:36:40+0100] DFHack 0.44.07-alpha1-0-g6f864f97 on Linux; cwd md5: 27d1c9aa05; save: region1; SC_MAP_LOADED; game type DWARF_MAIN (0)
[2018-03-16T16:07:05+0100] DFHack 0.44.07-alpha1-0-g6f864f97 on Linux; cwd md5: 27d1c9aa05; save: region1; SC_MAP_UNLOADED; game type DWARF_MAIN (0)
[2018-03-16T16:07:07+0100] DFHack 0.44.07-alpha1-0-g6f864f97 on Linux; cwd md5: 27d1c9aa05; save: region1; SC_WORLD_UNLOADED; game type DWARF_MAIN (0)
[2018-03-16T16:20:27+0100] DFHack 0.44.07-alpha1-0-g6f864f97 on Linux; cwd md5: 27d1c9aa05; save: region1; SC_WORLD_LOADED; game type DWARF_MAIN (0)
[2018-03-16T16:20:28+0100] DFHack 0.44.07-alpha1-0-g6f864f97 on Linux; cwd md5: 27d1c9aa05; save: region1; SC_MAP_LOADED; game type DWARF_MAIN (0)
[2018-03-16T16:52:41+0100] DFHack 0.44.07-alpha1-0-g6f864f97 on Linux; cwd md5: 27d1c9aa05; save: region1; SC_WORLD_LOADED; game type DWARF_MAIN (0)
[2018-03-16T16:52:41+0100] DFHack 0.44.07-alpha1-0-g6f864f97 on Linux; cwd md5: 27d1c9aa05; save: region1; SC_MAP_LOADED; game type DWARF_MAIN (0)
[2018-03-16T17:06:02+0100] DFHack 0.44.07-alpha1-0-g6f864f97 on Linux; cwd md5: 27d1c9aa05; save: region1; SC_MAP_UNLOADED; game type DWARF_MAIN (0)
[2018-03-16T17:06:02+0100] DFHack 0.44.07-alpha1-0-g6f864f97 on Linux; cwd md5: 27d1c9aa05; save: region1; SC_WORLD_UNLOADED; game type DWARF_MAIN (0)
[2018-03-17T20:59:27+0100] DFHack 0.44.07-alpha1-0-g6f864f97 on Linux; cwd md5: 27d1c9aa05; save: region1; SC_WORLD_LOADED; game type DWARF_MAIN (0)
[2018-03-17T20:59:27+0100] DFHack 0.44.07-alpha1-0-g6f864f97 on Linux; cwd md5: 27d1c9aa05; save: region1; SC_MAP_LOADED; game type DWARF_MAIN (0)
[2018-03-18T21:27:56+0100] DFHack 0.44.07-alpha1-0-g6f864f97 on Linux; cwd md5: 27d1c9aa05; save: region1; SC_WORLD_LOADED; game type DWARF_MAIN (0)
[2018-03-18T21:27:56+0100] DFHack 0.44.07-alpha1-0-g6f864f97 on Linux; cwd md5: 27d1c9aa05; save: region1; SC_MAP_LOADED; game type DWARF_MAIN (0)
[2018-03-18T22:03:01+0100] DFHack 0.44.07-alpha1-0-g6f864f97 on Linux; cwd md5: 27d1c9aa05; save: region1; SC_WORLD_LOADED; game type DWARF_MAIN (0)
[2018-03-18T22:03:01+0100] DFHack 0.44.07-alpha1-0-g6f864f97 on Linux; cwd md5: 27d1c9aa05; save: region1; SC_MAP_LOADED; game type DWARF_MAIN (0)
[2018-03-19T14:24:15+0100] DFHack 0.44.07-alpha1-0-g6f864f97 on Linux; cwd md5: 27d1c9aa05; save: region1; SC_WORLD_LOADED; game type DWARF_MAIN (0)
[2018-03-19T14:24:15+0100] DFHack 0.44.07-alpha1-0-g6f864f97 on Linux; cwd md5: 27d1c9aa05; save: region1; SC_MAP_LOADED; game type DWARF_MAIN (0)
[2018-03-19T16:26:27+0100] DFHack 0.44.07-alpha1-0-g6f864f97 on Linux; cwd md5: 27d1c9aa05; save: region1; SC_MAP_UNLOADED; game type DWARF_MAIN (0)
[2018-03-19T16:26:27+0100] DFHack 0.44.07-alpha1-0-g6f864f97 on Linux; cwd md5: 27d1c9aa05; save: region1; SC_WORLD_UNLOADED; game type DWARF_MAIN (0)
[2018-03-20T10:11:12+0100] DFHack 0.44.07-alpha1-0-g6f864f97 on Linux; cwd md5: 27d1c9aa05; save: region1; SC_WORLD_LOADED; game type DWARF_MAIN (0)
[2018-03-20T10:11:12+0100] DFHack 0.44.07-alpha1-0-g6f864f97 on Linux; cwd md5: 27d1c9aa05; save: region1; SC_MAP_LOADED; game type DWARF_MAIN (0)
[2018-03-20T11:35:10+0100] DFHack 0.44.07-alpha1-0-g6f864f97 on Linux; cwd md5: 27d1c9aa05; save: region1; SC_WORLD_LOADED; game type DWARF_MAIN (0)
[2018-03-20T11:35:10+0100] DFHack 0.44.07-alpha1-0-g6f864f97 on Linux; cwd md5: 27d1c9aa05; save: region1; SC_MAP_LOADED; game type DWARF_MAIN (0)
[2018-03-20T11:39:09+0100] DFHack 0.44.07-alpha1-0-g6f864f97 on Linux; cwd md5: 27d1c9aa05; save: region1; SC_WORLD_LOADED; game type DWARF_MAIN (0)
[2018-03-20T11:39:09+0100] DFHack 0.44.07-alpha1-0-g6f864f97 on Linux; cwd md5: 27d1c9aa05; save: region1; SC_MAP_LOADED; game type DWARF_MAIN (0)
[2018-03-20T12:16:57+0100] DFHack 0.44.07-alpha1-0-g6f864f97 on Linux; cwd md5: 27d1c9aa05; save: region1; SC_WORLD_LOADED; game type DWARF_MAIN (0)
[2018-03-20T12:16:57+0100] DFHack 0.44.07-alpha1-0-g6f864f97 on Linux; cwd md5: 27d1c9aa05; save: region1; SC_MAP_LOADED; game type DWARF_MAIN (0)
[2018-03-20T12:39:05+0100] DFHack 0.44.07-alpha1-0-g6f864f97 on Linux; cwd md5: 27d1c9aa05; save: region1; SC_MAP_UNLOADED; game type DWARF_MAIN (0)
[2018-03-20T12:39:05+0100] DFHack 0.44.07-alpha1-0-g6f864f97 on Linux; cwd md5: 27d1c9aa05; save: region1; SC_WORLD_UNLOADED; game type DWARF_MAIN (0)
[2018-03-20T12:49:35+0100] DFHack 0.44.07-alpha1-0-g6f864f97 on Linux; cwd md5: 27d1c9aa05; save: region1; SC_WORLD_LOADED; game type DWARF_MAIN (0)
[2018-03-20T12:49:35+0100] DFHack 0.44.07-alpha1-0-g6f864f97 on Linux; cwd md5: 27d1c9aa05; save: region1; SC_MAP_LOADED; game type DWARF_MAIN (0)
[2018-03-20T12:54:53+0100] DFHack 0.44.07-alpha1-0-g6f864f97 on Linux; cwd md5: 27d1c9aa05; save: region1; SC_MAP_UNLOADED; game type DWARF_MAIN (0)
[2018-03-20T12:54:53+0100] DFHack 0.44.07-alpha1-0-g6f864f97 on Linux; cwd md5: 27d1c9aa05; save: region1; SC_WORLD_UNLOADED; game type DWARF_MAIN (0)
[2018-03-20T15:04:32+0100] DFHack 0.44.07-alpha1-0-g6f864f97 on Linux; cwd md5: 27d1c9aa05; save: region1; SC_WORLD_LOADED; game type DWARF_MAIN (0)
[2018-03-20T15:04:32+0100] DFHack 0.44.07-alpha1-0-g6f864f97 on Linux; cwd md5: 27d1c9aa05; save: region1; SC_MAP_LOADED; game type DWARF_MAIN (0)
[2018-03-20T22:24:42+0100] DFHack 0.44.07-alpha1-0-g6f864f97 on Linux; cwd md5: 27d1c9aa05; save: region1; SC_WORLD_LOADED; game type DWARF_MAIN (0)
[2018-03-20T22:24:42+0100] DFHack 0.44.07-alpha1-0-g6f864f97 on Linux; cwd md5: 27d1c9aa05; save: region1; SC_MAP_LOADED; game type DWARF_MAIN (0)
[2018-03-21T00:30:31+0100] DFHack 0.44.07-alpha1-0-g6f864f97 on Linux; cwd md5: 27d1c9aa05; save: region1; SC_MAP_UNLOADED; game type DWARF_MAIN (0)
[2018-03-21T00:30:31+0100] DFHack 0.44.07-alpha1-0-g6f864f97 on Linux; cwd md5: 27d1c9aa05; save: region1; SC_WORLD_UNLOADED; game type DWARF_MAIN (0)
[2018-03-21T10:59:12+0100] DFHack 0.44.07-alpha1-0-g6f864f97 on Linux; cwd md5: 27d1c9aa05; save: region1; SC_WORLD_LOADED; game type DWARF_MAIN (0)
[2018-03-21T10:59:12+0100] DFHack 0.44.07-alpha1-0-g6f864f97 on Linux; cwd md5: 27d1c9aa05; save: region1; SC_MAP_LOADED; game type DWARF_MAIN (0)
[2018-03-21T11:00:54+0100] DFHack 0.44.07-alpha1-0-g6f864f97 on Linux; cwd md5: 27d1c9aa05; save: region1; SC_WORLD_LOADED; game type DWARF_MAIN (0)
[2018-03-21T11:00:54+0100] DFHack 0.44.07-alpha1-0-g6f864f97 on Linux; cwd md5: 27d1c9aa05; save: region1; SC_MAP_LOADED; game type DWARF_MAIN (0)
[2018-03-21T11:04:59+0100] DFHack 0.44.07-alpha1-0-g6f864f97 on Linux; cwd md5: 27d1c9aa05; save: region1; SC_WORLD_LOADED; game type DWARF_MAIN (0)
[2018-03-21T11:04:59+0100] DFHack 0.44.07-alpha1-0-g6f864f97 on Linux; cwd md5: 27d1c9aa05; save: region1; SC_MAP_LOADED; game type DWARF_MAIN (0)
[2018-03-21T12:51:18+0100] DFHack 0.44.07-alpha1-0-g6f864f97 on Linux; cwd md5: 27d1c9aa05; save: region1; SC_WORLD_LOADED; game type DWARF_MAIN (0)
[2018-03-21T12:51:18+0100] DFHack 0.44.07-alpha1-0-g6f864f97 on Linux; cwd md5: 27d1c9aa05; save: region1; SC_MAP_LOADED; game type DWARF_MAIN (0)
[2018-03-21T12:54:04+0100] DFHack 0.44.07-alpha1-0-g6f864f97 on Linux; cwd md5: 27d1c9aa05; save: region1; SC_WORLD_LOADED; game type DWARF_MAIN (0)
[2018-03-21T12:54:04+0100] DFHack 0.44.07-alpha1-0-g6f864f97 on Linux; cwd md5: 27d1c9aa05; save: region1; SC_MAP_LOADED; game type DWARF_MAIN (0)
[2018-03-21T17:38:19+0100] DFHack 0.44.07-alpha1-0-g6f864f97 on Linux; cwd md5: 27d1c9aa05; save: region1; SC_MAP_UNLOADED; game type DWARF_MAIN (0)
[2018-03-21T17:38:19+0100] DFHack 0.44.07-alpha1-0-g6f864f97 on Linux; cwd md5: 27d1c9aa05; save: region1; SC_WORLD_UNLOADED; game type DWARF_MAIN (0)
[2018-03-22T09:54:34+0100] DFHack 0.44.07-alpha1-0-g6f864f97 on Linux; cwd md5: 27d1c9aa05; save: region1; SC_WORLD_LOADED; game type DWARF_MAIN (0)
[2018-03-22T09:54:34+0100] DFHack 0.44.07-alpha1-0-g6f864f97 on Linux; cwd md5: 27d1c9aa05; save: region1; SC_MAP_LOADED; game type DWARF_MAIN (0)
[2018-03-22T10:04:25+0100] DFHack 0.44.07-alpha1-0-g6f864f97 on Linux; cwd md5: 27d1c9aa05; save: region1; SC_MAP_UNLOADED; game type DWARF_MAIN (0)
[2018-03-22T10:04:25+0100] DFHack 0.44.07-alpha1-0-g6f864f97 on Linux; cwd md5: 27d1c9aa05; save: region1; SC_WORLD_UNLOADED; game type DWARF_MAIN (0)
[2018-03-22T13:57:06+0100] DFHack 0.44.07-alpha1-0-g6f864f97 on Linux; cwd md5: 27d1c9aa05; save: region1; SC_WORLD_LOADED; game type DWARF_MAIN (0)
[2018-03-22T13:57:06+0100] DFHack 0.44.07-alpha1-0-g6f864f97 on Linux; cwd md5: 27d1c9aa05; save: region1; SC_MAP_LOADED; game type DWARF_MAIN (0)
[2018-03-25T14:12:50+0200] DFHack 0.44.07-alpha1-0-g6f864f97 on Linux; cwd md5: 27d1c9aa05; save: region1; SC_WORLD_LOADED; game type DWARF_MAIN (0)
[2018-03-25T14:12:50+0200] DFHack 0.44.07-alpha1-0-g6f864f97 on Linux; cwd md5: 27d1c9aa05; save: region1; SC_MAP_LOADED; game type DWARF_MAIN (0)
[2018-03-25T14:44:03+0200] DFHack 0.44.07-alpha1-0-g6f864f97 on Linux; cwd md5: 27d1c9aa05; save: region1; SC_WORLD_LOADED; game type DWARF_MAIN (0)
[2018-03-25T14:44:03+0200] DFHack 0.44.07-alpha1-0-g6f864f97 on Linux; cwd md5: 27d1c9aa05; save: region1; SC_MAP_LOADED; game type DWARF_MAIN (0)
[2018-03-25T15:08:59+0200] DFHack 0.44.07-alpha1-0-g6f864f97 on Linux; cwd md5: 27d1c9aa05; save: region1; SC_WORLD_LOADED; game type DWARF_MAIN (0)
[2018-03-25T15:08:59+0200] DFHack 0.44.07-alpha1-0-g6f864f97 on Linux; cwd md5: 27d1c9aa05; save: region1; SC_MAP_LOADED; game type DWARF_MAIN (0)
[2018-03-25T15:11:10+0200] DFHack 0.44.07-alpha1-0-g6f864f97 on Linux; cwd md5: 27d1c9aa05; save: region1; SC_WORLD_LOADED; game type DWARF_MAIN (0)
[2018-03-25T15:11:10+0200] DFHack 0.44.07-alpha1-0-g6f864f97 on Linux; cwd md5: 27d1c9aa05; save: region1; SC_MAP_LOADED; game type DWARF_MAIN (0)
[2018-03-26T21:15:24+0200] DFHack 0.44.07-alpha1-0-g6f864f97 on Linux; cwd md5: 27d1c9aa05; save: region1; SC_WORLD_LOADED; game type DWARF_MAIN (0)
[2018-03-26T21:15:24+0200] DFHack 0.44.07-alpha1-0-g6f864f97 on Linux; cwd md5: 27d1c9aa05; save: region1; SC_MAP_LOADED; game type DWARF_MAIN (0)
[2018-03-26T21:16:54+0200] DFHack 0.44.07-alpha1-0-g6f864f97 on Linux; cwd md5: 27d1c9aa05; save: region1; SC_WORLD_LOADED; game type DWARF_MAIN (0)
[2018-03-26T21:16:54+0200] DFHack 0.44.07-alpha1-0-g6f864f97 on Linux; cwd md5: 27d1c9aa05; save: region1; SC_MAP_LOADED; game type DWARF_MAIN (0)
[2018-03-26T21:20:46+0200] DFHack 0.44.07-alpha1-0-g6f864f97 on Linux; cwd md5: 27d1c9aa05; save: region1; SC_WORLD_LOADED; game type DWARF_MAIN (0)
[2018-03-26T21:20:46+0200] DFHack 0.44.07-alpha1-0-g6f864f97 on Linux; cwd md5: 27d1c9aa05; save: region1; SC_MAP_LOADED; game type DWARF_MAIN (0)
